2026-04-17 18:44:29.540705 - File added: C:\Users\ASUS\Downloads\icons8-bmw-100.png
2026-04-17 18:44:34.855289 - Checked: C:\Users\ASUS\Downloads\icons8-bmw-100.png - OK
2026-04-17 18:45:11.773329 - File added: C:\Users\ASUS\Downloads\WhatsApp Image 2026-04-01 at 1.24.50 PM.jpeg
2026-04-17 18:45:24.881814 - Checked: C:\Users\ASUS\Downloads\WhatsApp Image 2026-04-01 at 1.24.50 PM.jpeg - OK
2026-04-17 18:45:31.627056 - Checked: C:\Users\ASUS\Downloads\icons8-bmw-100.png - OK
2026-04-17 18:45:31.676515 - Checked: C:\Users\ASUS\Downloads\WhatsApp Image 2026-04-01 at 1.24.50 PM.jpeg - OK
2026-04-18 08:23:56.639576 - Checked: C:\Users\ASUS\Downloads\icons8-bmw-100.png - OK
2026-04-18 08:23:56.658127 - Checked: C:\Users\ASUS\Downloads\WhatsApp Image 2026-04-01 at 1.24.50 PM.jpeg - OK
{"time": "2026-04-18 08:26:22.022851", "level": "INFO", "message": "File added: C:\\Users\\ASUS\\Downloads\\icons8-bmw-100.png"}
{"time": "2026-04-18 08:26:24.599672", "level": "INFO", "message": "Checked OK: C:\\Users\\ASUS\\Downloads\\icons8-bmw-100.png"}
{"time": "2026-04-18 08:26:24.619576", "level": "INFO", "message": "Checked OK: C:\\Users\\ASUS\\Downloads\\WhatsApp Image 2026-04-01 at 1.24.50 PM.jpeg"}
{"time": "2026-04-18 08:26:34.659327", "level": "INFO", "message": "Checked OK: C:\\Users\\ASUS\\Downloads\\icons8-bmw-100.png"}
{"time": "2026-04-18 08:26:34.682545", "level": "INFO", "message": "Checked OK: C:\\Users\\ASUS\\Downloads\\WhatsApp Image 2026-04-01 at 1.24.50 PM.jpeg"}
{"time": "2026-04-18 08:26:44.725265", "level": "INFO", "message": "Checked OK: C:\\Users\\ASUS\\Downloads\\icons8-bmw-100.png"}
{"time": "2026-04-18 08:26:44.756324", "level": "INFO", "message": "Checked OK: C:\\Users\\ASUS\\Downloads\\WhatsApp Image 2026-04-01 at 1.24.50 PM.jpeg"}
{"time": "2026-04-18 08:26:54.816964", "level": "INFO", "message": "Checked OK: C:\\Users\\ASUS\\Downloads\\icons8-bmw-100.png"}
{"time": "2026-04-18 08:26:54.845095", "level": "INFO", "message": "Checked OK: C:\\Users\\ASUS\\Downloads\\WhatsApp Image 2026-04-01 at 1.24.50 PM.jpeg"}
{"time": "2026-04-18 08:27:04.909016", "level": "INFO", "message": "Checked OK: C:\\Users\\ASUS\\Downloads\\icons8-bmw-100.png"}
{"time": "2026-04-18 08:27:04.956387", "level": "INFO", "message": "Checked OK: C:\\Users\\ASUS\\Downloads\\WhatsApp Image 2026-04-01 at 1.24.50 PM.jpeg"}
{"time": "2026-04-18 08:27:15.009072", "level": "INFO", "message": "Checked OK: C:\\Users\\ASUS\\Downloads\\icons8-bmw-100.png"}
{"time": "2026-04-18 08:27:15.058504", "level": "INFO", "message": "Checked OK: C:\\Users\\ASUS\\Downloads\\WhatsApp Image 2026-04-01 at 1.24.50 PM.jpeg"}
{"time": "2026-04-18 08:27:25.106456", "level": "INFO", "message": "Checked OK: C:\\Users\\ASUS\\Downloads\\icons8-bmw-100.png"}
{"time": "2026-04-18 08:27:25.152993", "level": "INFO", "message": "Checked OK: C:\\Users\\ASUS\\Downloads\\WhatsApp Image 2026-04-01 at 1.24.50 PM.jpeg"}
{"time": "2026-04-18 08:28:34.585044", "level": "INFO", "message": "File added: C:\\Users\\ASUS\\Downloads\\icons8-bmw-100.png"}
{"time": "2026-04-18 08:28:41.763936", "level": "INFO", "message": "Checked OK: C:\\Users\\ASUS\\Downloads\\icons8-bmw-100.png"}
{"time": "2026-04-18 08:28:41.780686", "level": "INFO", "message": "Checked OK: C:\\Users\\ASUS\\Downloads\\WhatsApp Image 2026-04-01 at 1.24.50 PM.jpeg"}
{"time": "2026-04-18 08:28:47.918029", "level": "INFO", "message": "Checked OK: C:\\Users\\ASUS\\Downloads\\icons8-bmw-100.png"}
{"time": "2026-04-18 08:28:47.942766", "level": "INFO", "message": "Checked OK: C:\\Users\\ASUS\\Downloads\\WhatsApp Image 2026-04-01 at 1.24.50 PM.jpeg"}
{"time": "2026-04-18 08:28:58.045015", "level": "INFO", "message": "Checked OK: C:\\Users\\ASUS\\Downloads\\icons8-bmw-100.png"}
{"time": "2026-04-18 08:28:58.073451", "level": "INFO", "message": "Checked OK: C:\\Users\\ASUS\\Downloads\\WhatsApp Image 2026-04-01 at 1.24.50 PM.jpeg"}
{"time": "2026-04-18 08:29:08.102064", "level": "INFO", "message": "Monitoring stopped by user"}
{"time": "2026-04-18 09:11:27.740107", "level": "INFO", "message": "Checked OK: C:\\Users\\ASUS\\Downloads\\icons8-bmw-100.png"}
{"time": "2026-04-18 09:11:27.765886", "level": "INFO", "message": "Checked OK: C:\\Users\\ASUS\\Downloads\\WhatsApp Image 2026-04-01 at 1.24.50 PM.jpeg"}
{"time": "2026-04-18 09:11:38.183730", "level": "INFO", "message": "Monitoring stopped"}
{"time": "2026-04-18 09:11:38.205243", "level": "INFO", "message": "Checked OK: C:\\Users\\ASUS\\Downloads\\icons8-bmw-100.png"}
{"time": "2026-04-18 09:11:38.242286", "level": "INFO", "message": "Checked OK: C:\\Users\\ASUS\\Downloads\\WhatsApp Image 2026-04-01 at 1.24.50 PM.jpeg"}
{"time": "2026-04-18 09:11:45.265582", "level": "INFO", "message": "Checked OK: C:\\Users\\ASUS\\Downloads\\icons8-bmw-100.png"}
{"time": "2026-04-18 09:11:45.307658", "level": "INFO", "message": "Checked OK: C:\\Users\\ASUS\\Downloads\\WhatsApp Image 2026-04-01 at 1.24.50 PM.jpeg"}
{"time": "2026-04-18 09:11:48.755482", "level": "INFO", "message": "Monitoring stopped"}
{"time": "2026-04-18 09:12:17.973852", "level": "INFO", "message": "Checked OK: C:\\Users\\ASUS\\Downloads\\icons8-bmw-100.png"}
{"time": "2026-04-18 09:12:17.986208", "level": "INFO", "message": "Checked OK: C:\\Users\\ASUS\\Downloads\\WhatsApp Image 2026-04-01 at 1.24.50 PM.jpeg"}
{"time": "2026-04-18 09:12:28.009410", "level": "INFO", "message": "Monitoring stopped by user"}
{"time": "2026-04-18 09:13:35.156272", "level": "INFO", "message": "Checked OK: C:\\Users\\ASUS\\Downloads\\icons8-bmw-100.png"}
{"time": "2026-04-18 09:13:35.173311", "level": "INFO", "message": "Checked OK: C:\\Users\\ASUS\\Downloads\\WhatsApp Image 2026-04-01 at 1.24.50 PM.jpeg"}
